<?xml version="1.0" encoding="UTF-8"?>
<testng-results ignored="0" total="1" passed="1" failed="0" skipped="0">
  <reporter-output>
  </reporter-output>
  <suite started-at="2025-10-21T10:05:22 EDT" name="Default suite" finished-at="2025-10-21T10:05:26 EDT" duration-ms="3713">
    <groups>
    </groups>
    <test started-at="2025-10-21T10:05:22 EDT" name="Default test" finished-at="2025-10-21T10:05:26 EDT" duration-ms="3713">
      <class name="tests.LoginTest">
        <test-method is-config="true" signature="setUp()[pri:0, instance:tests.LoginTest@2638011]" started-at="2025-10-21T10:05:22 EDT" name="setUp" finished-at="2025-10-21T10:05:25 EDT" duration-ms="2267" status="PASS">
          <reporter-output>
          </reporter-output>
        </test-method> <!-- setUp -->
        <test-method signature="testValidLogin()[pri:0, instance:tests.LoginTest@2638011]" started-at="2025-10-21T10:05:25 EDT" name="testValidLogin" finished-at="2025-10-21T10:05:26 EDT" duration-ms="1190" status="PASS">
          <reporter-output>
          </reporter-output>
        </test-method> <!-- testValidLogin -->
        <test-method is-config="true" signature="tearDown()[pri:0, instance:tests.LoginTest@2638011]" started-at="2025-10-21T10:05:26 EDT" name="tearDown" finished-at="2025-10-21T10:05:26 EDT" duration-ms="213" status="PASS">
          <reporter-output>
          </reporter-output>
        </test-method> <!-- tearDown -->
      </class> <!-- tests.LoginTest -->
    </test> <!-- Default test -->
  </suite> <!-- Default suite -->
</testng-results>
