<?xml version="1.0" encoding="UTF-8"?>
<testng-results ignored="0" total="1" passed="1" failed="0" skipped="0">
  <reporter-output>
  </reporter-output>
  <suite started-at="2025-10-24T16:24:46 EDT" name="TestSuite" finished-at="2025-10-24T16:24:51 EDT" duration-ms="5780">
    <groups>
    </groups>
    <test started-at="2025-10-24T16:24:46 EDT" name="LoginTests" finished-at="2025-10-24T16:24:51 EDT" duration-ms="5780">
      <class name="tests.LoginTest">
        <test-method is-config="true" signature="setupReport()[pri:0, instance:tests.LoginTest@503d687a]" started-at="2025-10-24T16:24:45 EDT" name="setupReport" finished-at="2025-10-24T16:24:46 EDT" duration-ms="147" status="PASS">
          <reporter-output>
          </reporter-output>
        </test-method> <!-- setupReport -->
        <test-method is-config="true" signature="setUp()[pri:0, instance:tests.LoginTest@503d687a]" started-at="2025-10-24T16:24:46 EDT" name="setUp" finished-at="2025-10-24T16:24:49 EDT" duration-ms="3311" status="PASS">
          <reporter-output>
          </reporter-output>
        </test-method> <!-- setUp -->
        <test-method signature="testValidLogin(java.lang.String,java.lang.String)[pri:0, instance:tests.LoginTest@503d687a]" started-at="2025-10-24T16:24:49 EDT" name="testValidLogin" finished-at="2025-10-24T16:24:51 EDT" duration-ms="1729" status="PASS">
          <params>
            <param index="0">
              <value>
                <![CDATA[admin@yourstore.com]]>
              </value>
            </param>
            <param index="1">
              <value>
                <![CDATA[admin]]>
              </value>
            </param>
          </params>
          <reporter-output>
          </reporter-output>
        </test-method> <!-- testValidLogin -->
        <test-method is-config="true" signature="tearDown(org.testng.ITestResult)[pri:0, instance:tests.LoginTest@503d687a]" started-at="2025-10-24T16:24:51 EDT" name="tearDown" finished-at="2025-10-24T16:24:51 EDT" duration-ms="708" status="PASS">
          <params>
            <param index="0">
              <value>
                <![CDATA[[TestResult name=testValidLogin status=SUCCESS method=LoginTest.testValidLogin(java.lang.String,java.lang.String)[pri:0, instance:tests.LoginTest@503d687a] output={null}]]]>
              </value>
            </param>
          </params>
          <reporter-output>
          </reporter-output>
        </test-method> <!-- tearDown -->
        <test-method is-config="true" signature="teardownReport()[pri:0, instance:tests.LoginTest@503d687a]" started-at="2025-10-24T16:24:51 EDT" name="teardownReport" finished-at="2025-10-24T16:24:52 EDT" duration-ms="318" status="PASS">
          <reporter-output>
          </reporter-output>
        </test-method> <!-- teardownReport -->
      </class> <!-- tests.LoginTest -->
    </test> <!-- LoginTests -->
  </suite> <!-- TestSuite -->
</testng-results>
